# JRE version: Java(TM) SE Runtime Environment (20.0.1+9) (build 20.0.1+9-29)
# Java VM: Java HotSpot(TM) 64-Bit Server VM (20.0.1+9-29, mixed mode, sharing, tiered, compressed oops, compressed class ptrs, g1 gc, windows-amd64)
GC Precious Log:
 CardTable entry size: 512
 Card Set container configuration: InlinePtr #cards 5 size 8 Array Of Cards #cards 12 size 40 Howl #buckets 4 coarsen threshold 1843 Howl Bitmap #cards 512 size 80 coarsen threshold 460 Card regions per heap region 1 cards per card region 2048
 CPUs: 4 total, 4 available
 Memory: 4004M
 Large Page Support: Disabled
 NUMA Support: Disabled
 Compressed Oops: Enabled (32-bit)
 Heap Region Size: 1M
 Heap Min Capacity: 8M
 Heap Initial Capacity: 64M
 Heap Max Capacity: 1002M
 Pre-touch: Disabled
 Parallel Workers: 4
 Concurrent Workers: 1
 Concurrent Refinement Workers: 4
 Periodic GC: Disabled
Heap:
 garbage-first heap   total 65536K, used 12936K [0x00000000c1600000, 0x0000000100000000)
  region size 1024K, 11 young (11264K), 4 survivors (4096K)
 Metaspace       used 13697K, committed 13888K, reserved 1114112K
  class space    used 1641K, committed 1728K, reserved 1048576K
GC Heap History (6 events):
Event: 20.534 GC heap before
{Heap before GC invocations=0 (full 0):
 garbage-first heap   total 65536K, used 13312K [0x00000000c1600000, 0x0000000100000000)
  region size 1024K, 13 young (13312K), 0 survivors (0K)
 Metaspace       used 3920K, committed 4096K, reserved 1114112K
  class space    used 404K, committed 512K, reserved 1048576K
}
Event: 20.543 GC heap after
{Heap after GC invocations=1 (full 0):
 garbage-first heap   total 65536K, used 3332K [0x00000000c1600000, 0x0000000100000000)
  region size 1024K, 2 young (2048K), 2 survivors (2048K)
 Metaspace       used 3920K, committed 4096K, reserved 1114112K
  class space    used 404K, committed 512K, reserved 1048576K
}
Event: 26.020 GC heap before
{Heap before GC invocations=1 (full 0):
 garbage-first heap   total 65536K, used 17668K [0x00000000c1600000, 0x0000000100000000)
  region size 1024K, 16 young (16384K), 2 survivors (2048K)
 Metaspace       used 5991K, committed 6144K, reserved 1114112K
  class space    used 689K, committed 768K, reserved 1048576K
}
Event: 26.027 GC heap after
{Heap after GC invocations=2 (full 0):
 garbage-first heap   total 65536K, used 4054K [0x00000000c1600000, 0x0000000100000000)
  region size 1024K, 1 young (1024K), 1 survivors (1024K)
 Metaspace       used 5991K, committed 6144K, reserved 1114112K
  class space    used 689K, committed 768K, reserved 1048576K
}
Event: 29.966 GC heap before
{Heap before GC invocations=2 (full 0):
 garbage-first heap   total 65536K, used 41942K [0x00000000c1600000, 0x0000000100000000)
  region size 1024K, 38 young (38912K), 1 survivors (1024K)
 Metaspace       used 12494K, committed 12672K, reserved 1114112K
  class space    used 1512K, committed 1600K, reserved 1048576K
}
Event: 29.978 GC heap after
{Heap after GC invocations=3 (full 0):
 garbage-first heap   total 65536K, used 6792K [0x00000000c1600000, 0x0000000100000000)
  region size 1024K, 4 young (4096K), 4 survivors (4096K)
 Metaspace       used 12494K, committed 12672K, reserved 1114112K
  class space    used 1512K, committed 1600K, reserved 1048576K
}

